                   --------------------- Error(2019-08-01 21:32:10.3091)GEEWORKDC-------------------- 
                   
                   Exception Type:
                   Exception Message:
                   Stack Trace:
                   Additional Info:MyExectopn
                   
                   --------------------- Error(2019-08-01 21:32:25.1066)GEEWORKDC-------------------- 
                   
                   Exception Type:
                   Exception Message:
                   Stack Trace:
                   Additional Info:MyExectopn
                   
                   --------------------- Error(2019-08-01 21:32:31.8273)GEEWORKDC-------------------- 
                   
                   Exception Type:
                   Exception Message:
                   Stack Trace:
                   Additional Info:MyExectopn
                   
                   --------------------- Error(2019-08-01 22:16:11.4346)GEEWORKDC-------------------- 
                   
                   Exception Type:
                   Exception Message:
                   Stack Trace:
                   Additional Info:MyExectopn
                   
                   --------------------- Error(2019-08-01 22:16:19.4995)GEEWORKDC-------------------- 
                   
                   Exception Type:
                   Exception Message:
                   Stack Trace:
                   Additional Info:MyExectopn
                   
                   --------------------- Error(2019-08-01 22:16:35.0851)GEEWORKDC-------------------- 
                   
                   Exception Type:
                   Exception Message:
                   Stack Trace:
                   Additional Info:MyExectopn
                   
                   --------------------- Error(2019-08-01 22:17:04.2543)GEEWORKDC-------------------- 
                   
                   Exception Type:
                   Exception Message:
                   Stack Trace:
                   Additional Info:MyExectopn
                   
                   --------------------- Error(2019-08-01 22:19:02.8628)GEEWORKDC-------------------- 
                   
                   Exception Type:
                   Exception Message:
                   Stack Trace:
                   Additional Info:MyExectopn
                   
                   --------------------- Error(2019-08-01 22:19:08.3744)GEEWORKDC-------------------- 
                   
                   Exception Type:
                   Exception Message:
                   Stack Trace:
                   Additional Info:MyExectopn
                   
                   --------------------- Error(2019-08-01 22:19:15.3141)GEEWORKDC-------------------- 
                   
                   Exception Type:
                   Exception Message:
                   Stack Trace:
                   Additional Info:MyExectopn
                   
