                   --------------------- Error(2019-08-02 21:10:58.9196)GEEWORKDC-------------------- 
                   
                   Exception Type:
                   Exception Message:
                   Stack Trace:
                   Additional Info:MyExectopn
                   
                   --------------------- Error(2019-08-02 21:11:08.6981)GEEWORKDC-------------------- 
                   
                   Exception Type:
                   Exception Message:
                   Stack Trace:
                   Additional Info:MyExectopn
                   
                   --------------------- Error(2019-08-02 21:11:19.6387)GEEWORKDC-------------------- 
                   
                   Exception Type:
                   Exception Message:
                   Stack Trace:
                   Additional Info:MyExectopn
                   
                   --------------------- Error(2019-08-02 21:16:18.9629)GEEWORKDC-------------------- 
                   
                   Exception Type:
                   Exception Message:
                   Stack Trace:
                   Additional Info:MyExectopn
                   
                   --------------------- Error(2019-08-02 21:16:22.0333)GEEWORKDC-------------------- 
                   
                   Exception Type:
                   Exception Message:
                   Stack Trace:
                   Additional Info:MyExectopn
                   
                   --------------------- Error(2019-08-02 21:28:16.5714)GEEWORKDC-------------------- 
                   
                   Exception Type:
                   Exception Message:
                   Stack Trace:
                   Additional Info:MyExectopn
                   
                   --------------------- Error(2019-08-02 21:28:26.8285)GEEWORKDC-------------------- 
                   
                   Exception Type:
                   Exception Message:
                   Stack Trace:
                   Additional Info:MyExectopn
                   
                   --------------------- Error(2019-08-02 21:30:11.1007)GEEWORKDC-------------------- 
                   
                   Exception Type:
                   Exception Message:
                   Stack Trace:
                   Additional Info:MyExectopn
                   
                   --------------------- Error(2019-08-02 21:30:20.8657)GEEWORKDC-------------------- 
                   
                   Exception Type:
                   Exception Message:
                   Stack Trace:
                   Additional Info:MyExectopn
                   
                   --------------------- Error(2019-08-02 21:36:01.1325)GEEWORKDC-------------------- 
                   
                   Exception Type:
                   Exception Message:
                   Stack Trace:
                   Additional Info:MyExectopn
                   
                   --------------------- Error(2019-08-02 21:36:11.1466)GEEWORKDC-------------------- 
                   
                   Exception Type:
                   Exception Message:
                   Stack Trace:
                   Additional Info:MyExectopn
                   
                   --------------------- Error(2019-08-02 21:36:18.4613)GEEWORKDC-------------------- 
                   
                   Exception Type:
                   Exception Message:
                   Stack Trace:
                   Additional Info:MyExectopn
                   
                   --------------------- Error(2019-08-02 21:40:21.8277)GEEWORKDC-------------------- 
                   
                   Exception Type:
                   Exception Message:
                   Stack Trace:
                   Additional Info:MyExectopn
                   
                   --------------------- Error(2019-08-02 21:40:36.0242)GEEWORKDC-------------------- 
                   
                   Exception Type:
                   Exception Message:
                   Stack Trace:
                   Additional Info:MyExectopn
                   
                   --------------------- Error(2019-08-02 23:03:43.7707)GEEWORKDC-------------------- 
                   
                   Exception Type:
                   Exception Message:
                   Stack Trace:
                   Additional Info:MyExectopn
                   
                   --------------------- Error(2019-08-02 23:03:54.6887)GEEWORKDC-------------------- 
                   
                   Exception Type:
                   Exception Message:
                   Stack Trace:
                   Additional Info:MyExectopn
                   
                   --------------------- Error(2019-08-02 23:04:01.1344)GEEWORKDC-------------------- 
                   
                   Exception Type:
                   Exception Message:
                   Stack Trace:
                   Additional Info:MyExectopn
                   
                   --------------------- Error(2019-08-02 23:06:47.3347)GEEWORKDC-------------------- 
                   
                   Exception Type:
                   Exception Message:
                   Stack Trace:
                   Additional Info:MyExectopn
                   
                   --------------------- Error(2019-08-02 23:06:57.0957)GEEWORKDC-------------------- 
                   
                   Exception Type:
                   Exception Message:
                   Stack Trace:
                   Additional Info:MyExectopn
                   
                   --------------------- Error(2019-08-02 23:31:06.9586)GEEWORKDC-------------------- 
                   
                   Exception Type:
                   Exception Message:
                   Stack Trace:
                   Additional Info:MyExectopn
                   
                   --------------------- Error(2019-08-02 23:42:46.0201)GEEWORKDC-------------------- 
                   
                   Exception Type:
                   Exception Message:
                   Stack Trace:
                   Additional Info:MyExectopn
                   
                   --------------------- Error(2019-08-02 23:42:56.4746)GEEWORKDC-------------------- 
                   
                   Exception Type:
                   Exception Message:
                   Stack Trace:
                   Additional Info:MyExectopn
                   
                   --------------------- Error(2019-08-02 23:43:57.4541)GEEWORKDC-------------------- 
                   
                   Exception Type:
                   Exception Message:
                   Stack Trace:
                   Additional Info:MyExectopn
                   
                   --------------------- Error(2019-08-02 23:44:47.1277)GEEWORKDC-------------------- 
                   
                   Exception Type:
                   Exception Message:
                   Stack Trace:
                   Additional Info:MyExectopn
                   
                   --------------------- Error(2019-08-02 23:44:55.4229)GEEWORKDC-------------------- 
                   
                   Exception Type:
                   Exception Message:
                   Stack Trace:
                   Additional Info:MyExectopn
                   
                   --------------------- Error(2019-08-02 23:48:25.1517)GEEWORKDC-------------------- 
                   
                   Exception Type:
                   Exception Message:
                   Stack Trace:
                   Additional Info:MyExectopn
                   
                   --------------------- Error(2019-08-02 23:48:35.6322)GEEWORKDC-------------------- 
                   
                   Exception Type:
                   Exception Message:
                   Stack Trace:
                   Additional Info:MyExectopn
                   
                   --------------------- Error(2019-08-02 23:48:48.8919)GEEWORKDC-------------------- 
                   
                   Exception Type:
                   Exception Message:
                   Stack Trace:
                   Additional Info:MyExectopn
                   
                   --------------------- Error(2019-08-02 23:54:05.8863)GEEWORKDC-------------------- 
                   
                   Exception Type:
                   Exception Message:
                   Stack Trace:
                   Additional Info:MyExectopn
                   
                   --------------------- Error(2019-08-02 23:54:15.5769)GEEWORKDC-------------------- 
                   
                   Exception Type:
                   Exception Message:
                   Stack Trace:
                   Additional Info:MyExectopn
                   
                   --------------------- Error(2019-08-02 23:54:24.4585)GEEWORKDC-------------------- 
                   
                   Exception Type:
                   Exception Message:
                   Stack Trace:
                   Additional Info:MyExectopn
                   
