                   --------------------- Error(2019-08-13 00:04:10.9712)GEEWORKDC-------------------- 
                   
                   Exception Type:
                   Exception Message:
                   Stack Trace:
                   Additional Info:MyExectopn
                   
                   --------------------- Error(2019-08-13 00:04:18.0434)GEEWORKDC-------------------- 
                   
                   Exception Type:
                   Exception Message:
                   Stack Trace:
                   Additional Info:MyExectopn
                   
                   --------------------- Error(2019-08-13 00:04:33.1038)GEEWORKDC-------------------- 
                   
                   Exception Type:
                   Exception Message:
                   Stack Trace:
                   Additional Info:MyExectopn
                   
                   --------------------- Error(2019-08-13 00:08:13.9106)GEEWORKDC-------------------- 
                   
                   Exception Type:
                   Exception Message:
                   Stack Trace:
                   Additional Info:MyExectopn
                   
                   --------------------- Error(2019-08-13 00:08:18.4981)GEEWORKDC-------------------- 
                   
                   Exception Type:
                   Exception Message:
                   Stack Trace:
                   Additional Info:MyExectopn
                   
                   --------------------- Error(2019-08-13 00:08:33.5827)GEEWORKDC-------------------- 
                   
                   Exception Type:
                   Exception Message:
                   Stack Trace:
                   Additional Info:MyExectopn
                   
                   --------------------- Error(2019-08-13 00:10:59.9956)GEEWORKDC-------------------- 
                   
                   Exception Type:
                   Exception Message:
                   Stack Trace:
                   Additional Info:MyExectopn
                   
                   --------------------- Error(2019-08-13 00:11:06.5153)GEEWORKDC-------------------- 
                   
                   Exception Type:
                   Exception Message:
                   Stack Trace:
                   Additional Info:MyExectopn
                   
                   --------------------- Error(2019-08-13 00:11:23.7091)GEEWORKDC-------------------- 
                   
                   Exception Type:
                   Exception Message:
                   Stack Trace:
                   Additional Info:MyExectopn
                   
                   --------------------- Error(2019-08-13 00:14:21.4262)GEEWORKDC-------------------- 
                   
                   Exception Type:
                   Exception Message:
                   Stack Trace:
                   Additional Info:MyExectopn
                   
                   --------------------- Error(2019-08-13 00:17:00.9334)GEEWORKDC-------------------- 
                   
                   Exception Type:
                   Exception Message:
                   Stack Trace:
                   Additional Info:MyExectopn
                   
                   --------------------- Error(2019-08-13 00:17:05.9559)GEEWORKDC-------------------- 
                   
                   Exception Type:
                   Exception Message:
                   Stack Trace:
                   Additional Info:MyExectopn
                   
                   --------------------- Error(2019-08-13 00:17:22.2296)GEEWORKDC-------------------- 
                   
                   Exception Type:
                   Exception Message:
                   Stack Trace:
                   Additional Info:MyExectopn
                   
                   --------------------- Error(2019-08-13 22:55:18.7819)GEEWORKDC-------------------- 
                   
                   Exception Type:
                   Exception Message:
                   Stack Trace:
                   Additional Info:MyExectopn
                   
                   --------------------- Error(2019-08-13 22:55:31.0241)GEEWORKDC-------------------- 
                   
                   Exception Type:
                   Exception Message:
                   Stack Trace:
                   Additional Info:MyExectopn
                   
                   --------------------- Error(2019-08-13 22:55:51.2022)GEEWORKDC-------------------- 
                   
                   Exception Type:
                   Exception Message:
                   Stack Trace:
                   Additional Info:MyExectopn
                   
                   --------------------- Error(2019-08-13 23:00:35.4135)GEEWORKDC-------------------- 
                   
                   Exception Type:
                   Exception Message:
                   Stack Trace:
                   Additional Info:MyExectopn
                   
                   --------------------- Error(2019-08-13 23:01:12.5033)GEEWORKDC-------------------- 
                   
                   Exception Type:
                   Exception Message:
                   Stack Trace:
                   Additional Info:MyExectopn
                   
                   --------------------- Error(2019-08-13 23:01:32.8884)GEEWORKDC-------------------- 
                   
                   Exception Type:
                   Exception Message:
                   Stack Trace:
                   Additional Info:MyExectopn
                   
                   --------------------- Error(2019-08-13 23:07:07.1961)GEEWORKDC-------------------- 
                   
                   Exception Type:
                   Exception Message:
                   Stack Trace:
                   Additional Info:MyExectopn
                   
                   --------------------- Error(2019-08-13 23:07:16.8570)GEEWORKDC-------------------- 
                   
                   Exception Type:
                   Exception Message:
                   Stack Trace:
                   Additional Info:MyExectopn
                   
                   --------------------- Error(2019-08-13 23:07:35.2673)GEEWORKDC-------------------- 
                   
                   Exception Type:
                   Exception Message:
                   Stack Trace:
                   Additional Info:MyExectopn
                   
                   --------------------- Error(2019-08-13 23:13:25.8714)GEEWORKDC-------------------- 
                   
                   Exception Type:
                   Exception Message:
                   Stack Trace:
                   Additional Info:MyExectopn
                   
                   --------------------- Error(2019-08-13 23:13:33.3153)GEEWORKDC-------------------- 
                   
                   Exception Type:
                   Exception Message:
                   Stack Trace:
                   Additional Info:MyExectopn
                   
                   --------------------- Error(2019-08-13 23:13:52.3736)GEEWORKDC-------------------- 
                   
                   Exception Type:
                   Exception Message:
                   Stack Trace:
                   Additional Info:MyExectopn
                   
                   --------------------- Error(2019-08-13 23:14:49.9564)GEEWORKDC-------------------- 
                   
                   Exception Type:
                   Exception Message:
                   Stack Trace:
                   Additional Info:MyExectopn
                   
                   --------------------- Error(2019-08-13 23:17:16.1511)GEEWORKDC-------------------- 
                   
                   Exception Type:
                   Exception Message:
                   Stack Trace:
                   Additional Info:MyExectopn
                   
                   --------------------- Error(2019-08-13 23:22:38.4519)GEEWORKDC-------------------- 
                   
                   Exception Type:
                   Exception Message:
                   Stack Trace:
                   Additional Info:MyExectopn
                   
                   --------------------- Error(2019-08-13 23:22:45.1926)GEEWORKDC-------------------- 
                   
                   Exception Type:
                   Exception Message:
                   Stack Trace:
                   Additional Info:MyExectopn
                   
                   --------------------- Error(2019-08-13 23:23:03.9025)GEEWORKDC-------------------- 
                   
                   Exception Type:
                   Exception Message:
                   Stack Trace:
                   Additional Info:MyExectopn
                   
                   --------------------- Error(2019-08-13 23:24:32.1294)GEEWORKDC-------------------- 
                   
                   Exception Type:
                   Exception Message:
                   Stack Trace:
                   Additional Info:MyExectopn
                   
                   --------------------- Error(2019-08-13 23:25:28.2302)GEEWORKDC-------------------- 
                   
                   Exception Type:
                   Exception Message:
                   Stack Trace:
                   Additional Info:MyExectopn
                   
                   --------------------- Error(2019-08-13 23:25:34.1338)GEEWORKDC-------------------- 
                   
                   Exception Type:
                   Exception Message:
                   Stack Trace:
                   Additional Info:MyExectopn
                   
                   --------------------- Error(2019-08-13 23:25:51.9916)GEEWORKDC-------------------- 
                   
                   Exception Type:
                   Exception Message:
                   Stack Trace:
                   Additional Info:MyExectopn
                   
                   --------------------- Error(2019-08-13 23:27:43.7109)GEEWORKDC-------------------- 
                   
                   Exception Type:
                   Exception Message:
                   Stack Trace:
                   Additional Info:MyExectopn
                   
                   --------------------- Error(2019-08-13 23:28:14.7945)GEEWORKDC-------------------- 
                   
                   Exception Type:
                   Exception Message:
                   Stack Trace:
                   Additional Info:MyExectopn
                   
                   --------------------- Error(2019-08-13 23:28:23.5482)GEEWORKDC-------------------- 
                   
                   Exception Type:
                   Exception Message:
                   Stack Trace:
                   Additional Info:MyExectopn
                   
                   --------------------- Error(2019-08-13 23:29:14.7396)GEEWORKDC-------------------- 
                   
                   Exception Type:
                   Exception Message:
                   Stack Trace:
                   Additional Info:MyExectopn
                   
                   --------------------- Error(2019-08-13 23:29:21.7964)GEEWORKDC-------------------- 
                   
                   Exception Type:
                   Exception Message:
                   Stack Trace:
                   Additional Info:MyExectopn
                   
                   --------------------- Error(2019-08-13 23:29:39.8566)GEEWORKDC-------------------- 
                   
                   Exception Type:
                   Exception Message:
                   Stack Trace:
                   Additional Info:MyExectopn
                   
                   --------------------- Error(2019-08-13 23:37:44.0369)GEEWORKDC-------------------- 
                   
                   Exception Type:
                   Exception Message:
                   Stack Trace:
                   Additional Info:MyExectopn
                   
                   --------------------- Error(2019-08-13 23:37:55.0241)GEEWORKDC-------------------- 
                   
                   Exception Type:
                   Exception Message:
                   Stack Trace:
                   Additional Info:MyExectopn
                   
                   --------------------- Error(2019-08-13 23:38:23.6954)GEEWORKDC-------------------- 
                   
                   Exception Type:
                   Exception Message:
                   Stack Trace:
                   Additional Info:MyExectopn
                   
                   --------------------- Error(2019-08-13 23:47:50.4692)GEEWORKDC-------------------- 
                   
                   Exception Type:
                   Exception Message:
                   Stack Trace:
                   Additional Info:MyExectopn
                   
                   --------------------- Error(2019-08-13 23:47:58.0861)GEEWORKDC-------------------- 
                   
                   Exception Type:
                   Exception Message:
                   Stack Trace:
                   Additional Info:MyExectopn
                   
                   --------------------- Error(2019-08-13 23:48:21.1004)GEEWORKDC-------------------- 
                   
                   Exception Type:
                   Exception Message:
                   Stack Trace:
                   Additional Info:MyExectopn
                   
                   --------------------- Error(2019-08-13 23:52:03.1136)GEEWORKDC-------------------- 
                   
                   Exception Type:
                   Exception Message:
                   Stack Trace:
                   Additional Info:MyExectopn
                   
                   --------------------- Error(2019-08-13 23:52:22.4400)GEEWORKDC-------------------- 
                   
                   Exception Type:
                   Exception Message:
                   Stack Trace:
                   Additional Info:MyExectopn
                   
                   --------------------- Error(2019-08-13 23:52:41.3091)GEEWORKDC-------------------- 
                   
                   Exception Type:
                   Exception Message:
                   Stack Trace:
                   Additional Info:MyExectopn
                   
                   --------------------- Error(2019-08-13 23:53:54.9271)GEEWORKDC-------------------- 
                   
                   Exception Type:
                   Exception Message:
                   Stack Trace:
                   Additional Info:MyExectopn
                   
                   --------------------- Error(2019-08-13 23:54:00.0227)GEEWORKDC-------------------- 
                   
                   Exception Type:
                   Exception Message:
                   Stack Trace:
                   Additional Info:MyExectopn
                   
                   --------------------- Error(2019-08-13 23:56:09.1703)GEEWORKDC-------------------- 
                   
                   Exception Type:
                   Exception Message:
                   Stack Trace:
                   Additional Info:MyExectopn
                   
                   --------------------- Error(2019-08-13 23:56:22.8585)GEEWORKDC-------------------- 
                   
                   Exception Type:
                   Exception Message:
                   Stack Trace:
                   Additional Info:MyExectopn
                   
                   --------------------- Error(2019-08-13 23:56:29.9402)GEEWORKDC-------------------- 
                   
                   Exception Type:
                   Exception Message:
                   Stack Trace:
                   Additional Info:MyExectopn
                   
                   --------------------- Error(2019-08-13 23:56:44.7571)GEEWORKDC-------------------- 
                   
                   Exception Type:
                   Exception Message:
                   Stack Trace:
                   Additional Info:MyExectopn
                   
                   --------------------- Error(2019-08-13 23:56:57.9613)GEEWORKDC-------------------- 
                   
                   Exception Type:
                   Exception Message:
                   Stack Trace:
                   Additional Info:MyExectopn
                   
                   --------------------- Error(2019-08-13 23:57:15.0209)GEEWORKDC-------------------- 
                   
                   Exception Type:
                   Exception Message:
                   Stack Trace:
                   Additional Info:MyExectopn
                   
