                   --------------------- Error(2019-08-08 00:04:45.7627)GEEWORKDC-------------------- 
                   
                   Exception Type:
                   Exception Message:
                   Stack Trace:
                   Additional Info:MyExectopn
                   
                   --------------------- Error(2019-08-08 00:04:57.4348)GEEWORKDC-------------------- 
                   
                   Exception Type:
                   Exception Message:
                   Stack Trace:
                   Additional Info:MyExectopn
                   
                   --------------------- Error(2019-08-08 00:05:02.5433)GEEWORKDC-------------------- 
                   
                   Exception Type:
                   Exception Message:
                   Stack Trace:
                   Additional Info:MyExectopn
                   
                   --------------------- Error(2019-08-08 00:05:44.7183)GEEWORKDC-------------------- 
                   
                   Exception Type:
                   Exception Message:
                   Stack Trace:
                   Additional Info:MyExectopn
                   
                   --------------------- Error(2019-08-08 00:06:35.3682)GEEWORKDC-------------------- 
                   
                   Exception Type:
                   Exception Message:
                   Stack Trace:
                   Additional Info:MyExectopn
                   
                   --------------------- Error(2019-08-08 00:07:07.3527)GEEWORKDC-------------------- 
                   
                   Exception Type:
                   Exception Message:
                   Stack Trace:
                   Additional Info:MyExectopn
                   
                   --------------------- Error(2019-08-08 00:07:23.2044)GEEWORKDC-------------------- 
                   
                   Exception Type:
                   Exception Message:
                   Stack Trace:
                   Additional Info:MyExectopn
                   
                   --------------------- Error(2019-08-08 00:08:24.9190)GEEWORKDC-------------------- 
                   
                   Exception Type:
                   Exception Message:
                   Stack Trace:
                   Additional Info:MyExectopn
                   
                   --------------------- Error(2019-08-08 00:08:33.9490)GEEWORKDC-------------------- 
                   
                   Exception Type:
                   Exception Message:
                   Stack Trace:
                   Additional Info:MyExectopn
                   
                   --------------------- Error(2019-08-08 00:08:37.8934)GEEWORKDC-------------------- 
                   
                   Exception Type:
                   Exception Message:
                   Stack Trace:
                   Additional Info:MyExectopn
                   
                   --------------------- Error(2019-08-08 21:19:30.8288)GEEWORKDC-------------------- 
                   
                   Exception Type:
                   Exception Message:
                   Stack Trace:
                   Additional Info:MyExectopn
                   
                   --------------------- Error(2019-08-08 21:19:46.1536)GEEWORKDC-------------------- 
                   
                   Exception Type:
                   Exception Message:
                   Stack Trace:
                   Additional Info:MyExectopn
                   
                   --------------------- Error(2019-08-08 21:19:51.0281)GEEWORKDC-------------------- 
                   
                   Exception Type:
                   Exception Message:
                   Stack Trace:
                   Additional Info:MyExectopn
                   
                   --------------------- Error(2019-08-08 21:21:26.1309)GEEWORKDC-------------------- 
                   
                   Exception Type:
                   Exception Message:
                   Stack Trace:
                   Additional Info:MyExectopn
                   
                   --------------------- Error(2019-08-08 21:21:49.8344)GEEWORKDC-------------------- 
                   
                   Exception Type:
                   Exception Message:
                   Stack Trace:
                   Additional Info:MyExectopn
                   
                   --------------------- Error(2019-08-08 21:21:57.2712)GEEWORKDC-------------------- 
                   
                   Exception Type:
                   Exception Message:
                   Stack Trace:
                   Additional Info:MyExectopn
                   
                   --------------------- Error(2019-08-08 21:27:24.1600)GEEWORKDC-------------------- 
                   
                   Exception Type:
                   Exception Message:
                   Stack Trace:
                   Additional Info:MyExectopn
                   
                   --------------------- Error(2019-08-08 21:27:32.8529)GEEWORKDC-------------------- 
                   
                   Exception Type:
                   Exception Message:
                   Stack Trace:
                   Additional Info:MyExectopn
                   
                   --------------------- Error(2019-08-08 21:27:36.9433)GEEWORKDC-------------------- 
                   
                   Exception Type:
                   Exception Message:
                   Stack Trace:
                   Additional Info:MyExectopn
                   
                   --------------------- Error(2019-08-08 21:41:14.9936)GEEWORKDC-------------------- 
                   
                   Exception Type:
                   Exception Message:
                   Stack Trace:
                   Additional Info:MyExectopn
                   
                   --------------------- Error(2019-08-08 21:41:25.5202)GEEWORKDC-------------------- 
                   
                   Exception Type:
                   Exception Message:
                   Stack Trace:
                   Additional Info:MyExectopn
                   
                   --------------------- Error(2019-08-08 21:41:29.2703)GEEWORKDC-------------------- 
                   
                   Exception Type:
                   Exception Message:
                   Stack Trace:
                   Additional Info:MyExectopn
                   
                   --------------------- Error(2019-08-08 21:58:19.8088)GEEWORKDC-------------------- 
                   
                   Exception Type:
                   Exception Message:
                   Stack Trace:
                   Additional Info:MyExectopn
                   
                   --------------------- Error(2019-08-08 21:58:27.7016)GEEWORKDC-------------------- 
                   
                   Exception Type:
                   Exception Message:
                   Stack Trace:
                   Additional Info:MyExectopn
                   
                   --------------------- Error(2019-08-08 21:58:32.6102)GEEWORKDC-------------------- 
                   
                   Exception Type:
                   Exception Message:
                   Stack Trace:
                   Additional Info:MyExectopn
                   
                   --------------------- Error(2019-08-08 22:06:29.7083)GEEWORKDC-------------------- 
                   
                   Exception Type:
                   Exception Message:
                   Stack Trace:
                   Additional Info:MyExectopn
                   
                   --------------------- Error(2019-08-08 22:06:45.8829)GEEWORKDC-------------------- 
                   
                   Exception Type:
                   Exception Message:
                   Stack Trace:
                   Additional Info:MyExectopn
                   
                   --------------------- Error(2019-08-08 22:06:49.9043)GEEWORKDC-------------------- 
                   
                   Exception Type:
                   Exception Message:
                   Stack Trace:
                   Additional Info:MyExectopn
                   
                   --------------------- Error(2019-08-08 22:09:42.0419)GEEWORKDC-------------------- 
                   
                   Exception Type:
                   Exception Message:
                   Stack Trace:
                   Additional Info:MyExectopn
                   
                   --------------------- Error(2019-08-08 22:10:08.2534)GEEWORKDC-------------------- 
                   
                   Exception Type:
                   Exception Message:
                   Stack Trace:
                   Additional Info:MyExectopn
                   
                   --------------------- Error(2019-08-08 22:10:14.4020)GEEWORKDC-------------------- 
                   
                   Exception Type:
                   Exception Message:
                   Stack Trace:
                   Additional Info:MyExectopn
                   
                   --------------------- Error(2019-08-08 23:02:21.8113)GEEWORKDC-------------------- 
                   
                   Exception Type:
                   Exception Message:
                   Stack Trace:
                   Additional Info:MyExectopn
                   
                   --------------------- Error(2019-08-08 23:03:05.2323)GEEWORKDC-------------------- 
                   
                   Exception Type:
                   Exception Message:
                   Stack Trace:
                   Additional Info:MyExectopn
                   
                   --------------------- Error(2019-08-08 23:03:25.3780)GEEWORKDC-------------------- 
                   
                   Exception Type:
                   Exception Message:
                   Stack Trace:
                   Additional Info:MyExectopn
                   
                   --------------------- Error(2019-08-08 23:03:30.8955)GEEWORKDC-------------------- 
                   
                   Exception Type:
                   Exception Message:
                   Stack Trace:
                   Additional Info:MyExectopn
                   
                   --------------------- Error(2019-08-08 23:09:30.2701)GEEWORKDC-------------------- 
                   
                   Exception Type:
                   Exception Message:
                   Stack Trace:
                   Additional Info:MyExectopn
                   
                   --------------------- Error(2019-08-08 23:38:14.4433)GEEWORKDC-------------------- 
                   
                   Exception Type:
                   Exception Message:
                   Stack Trace:
                   Additional Info:MyExectopn
                   
                   --------------------- Error(2019-08-08 23:38:25.7333)GEEWORKDC-------------------- 
                   
                   Exception Type:
                   Exception Message:
                   Stack Trace:
                   Additional Info:MyExectopn
                   
                   --------------------- Error(2019-08-08 23:38:30.6558)GEEWORKDC-------------------- 
                   
                   Exception Type:
                   Exception Message:
                   Stack Trace:
                   Additional Info:MyExectopn
                   
                   --------------------- Error(2019-08-08 23:42:08.4634)GEEWORKDC-------------------- 
                   
                   Exception Type:
                   Exception Message:
                   Stack Trace:
                   Additional Info:MyExectopn
                   
                   --------------------- Error(2019-08-08 23:42:24.6594)GEEWORKDC-------------------- 
                   
                   Exception Type:
                   Exception Message:
                   Stack Trace:
                   Additional Info:MyExectopn
                   
                   --------------------- Error(2019-08-08 23:42:30.1330)GEEWORKDC-------------------- 
                   
                   Exception Type:
                   Exception Message:
                   Stack Trace:
                   Additional Info:MyExectopn
                   
                   --------------------- Error(2019-08-08 23:52:08.2090)GEEWORKDC-------------------- 
                   
                   Exception Type:
                   Exception Message:
                   Stack Trace:
                   Additional Info:MyExectopn
                   
                   --------------------- Error(2019-08-08 23:52:13.9946)GEEWORKDC-------------------- 
                   
                   Exception Type:
                   Exception Message:
                   Stack Trace:
                   Additional Info:MyExectopn
                   
                   --------------------- Error(2019-08-08 23:52:17.1809)GEEWORKDC-------------------- 
                   
                   Exception Type:
                   Exception Message:
                   Stack Trace:
                   Additional Info:MyExectopn
                   
