                   --------------------- Error(2019-07-26 23:26:36.4782)GEEWORKDC-------------------- 
                   
                   Exception Type:
                   Exception Message:
                   Stack Trace:
                   Additional Info:MyExectopn
                   
                   --------------------- Error(2019-07-26 23:26:46.7072)GEEWORKDC-------------------- 
                   
                   Exception Type:
                   Exception Message:
                   Stack Trace:
                   Additional Info:MyExectopn
                   
                   --------------------- Error(2019-07-26 23:26:53.0198)GEEWORKDC-------------------- 
                   
                   Exception Type:
                   Exception Message:
                   Stack Trace:
                   Additional Info:MyExectopn
                   
                   --------------------- Error(2019-07-26 23:44:09.0731)GEEWORKDC-------------------- 
                   
                   Exception Type:
                   Exception Message:
                   Stack Trace:
                   Additional Info:MyExectopn
                   
                   --------------------- Error(2019-07-26 23:44:17.3340)GEEWORKDC-------------------- 
                   
                   Exception Type:
                   Exception Message:
                   Stack Trace:
                   Additional Info:MyExectopn
                   
                   --------------------- Error(2019-07-26 23:44:23.0976)GEEWORKDC-------------------- 
                   
                   Exception Type:
                   Exception Message:
                   Stack Trace:
                   Additional Info:MyExectopn
                   
                   --------------------- Error(2019-07-26 23:45:38.6156)GEEWORKDC-------------------- 
                   
                   Exception Type:
                   Exception Message:
                   Stack Trace:
                   Additional Info:MyExectopn
                   
